all
The CSS all shorthand property resets all properties, but unicodeBidi, direction to their initial or inherited value.

animation
The animation CSS property is a shorthand property for animationName, animationDuration, animationTimingFunction, animationDelay, animationIterationCount, animationDirection, animationFillMode, animationPlayState.

background
The background CSS property is a shorthand for setting the individual background values in a single place in the style sheet. background can be used to set the values for one or more of: backgroundClip, backgroundColor, backgroundImage, backgroundOrigin, backgroundPosition, backgroundRepeat, backgroundSize, backgroundAttachment.

border
The border CSS property is a shorthand property for setting the individual border property values in a single place in the style sheet. border can be used to set the values for one or more of: borderWidth, borderStyle, borderColor.

borderBlockEnd
The borderBlockEnd CSS property is a shorthand property for setting the individual logical block end border property values in a single place in the style sheet. borderBlockEnd can be used to set the values for one or more of: borderBlockEndWidth, borderBlockEndStyle, borderBlockEndColor. It maps to a physical border depending on the element's writing mode, directionality, text orientation. It corresponds to the borderTop, borderRight, borderBottom, or borderLeft property depending on the values defined for writingMode, direction, textOrientation.

borderBlockStart
The borderBlockStart CSS property is a shorthand property for setting the individual logical block start border property values in a single place in the style sheet. borderBlockStart can be used to set the values for one or more of: borderBlockStartWidth, borderBlockStartStyle, borderBlockStartColor. It maps to a physical border depending on the element's writing mode, directionality, text orientation. It corresponds to the borderTop, borderRight, borderBottom, or borderLeft property depending on the values defined for writingMode, direction, textOrientation.

borderBottom
The borderBottom CSS property is a shorthand that sets the values of borderBottomColor, borderBottomStyle, borderBottomWidth. These properties describe the bottom border of elements.

borderColor
The borderColor CSS property is a shorthand for setting the color of the four sides of an element's border: borderTopColor, borderRightColor, borderBottomColor, borderLeftColor

borderInlineEnd
The borderInlineEnd CSS property is a shorthand property for setting the individual logical inline end border property values in a single place in the style sheet. borderInlineEnd can be used to set the values for one or more of: borderInlineEndWidth, borderInlineEndStyle, borderInlineEndColor. It maps to a physical border depending on the element's writing mode, directionality, text orientation. It corresponds to the borderTop, borderRight, borderBottom, or borderLeft property depending on the values defined for writingMode, direction, textOrientation.

borderInlineStart
The borderInlineStart CSS property is a shorthand property for setting the individual logical inline start border property values in a single place in the style sheet. borderInlineStart can be used to set the values for one or more of: borderInlineStartWidth, borderInlineStartStyle, borderInlineStartColor. It maps to a physical border depending on the element's writing mode, directionality, text orientation. It corresponds to the borderTop, borderRight, borderBottom, or borderLeft property depending on the values defined for writingMode, direction, textOrientation.

borderLeft
The borderLeft CSS property is a shorthand that sets the values of borderLeftColor, borderLeftStyle, borderLeftWidth. These properties describe the left border of elements.

borderRight
The borderRight CSS property is a shorthand that sets the values of borderRightColor, borderRightStyle, borderRightWidth. These properties describe the right border of elements.

borderTop
The borderTop CSS property is a shorthand that sets the values of borderTopColor, borderTopStyle, borderTopWidth. These properties describe the top border of elements.

columns
The columns CSS property is a shorthand property allowing to set both the columnWidth, columnCount properties at the same time.

columnRule
In multiColumn layouts, the columnRule CSS property specifies a straight line, or "rule", to be drawn between each column. It is a convenient shorthand to avoid setting each of the individual columnRule* properties separately : columnRuleWidth, columnRuleStyle, columnRuleColor.

flex
The flex CSS property is a shorthand property specifying the ability of a flex item to alter its dimensions to fill available space. Flex items can be stretched to use available space proportional to their flex grow factor or their flex shrink factor to prevent overflow.

flexFlow
The CSS flexFlow property is a shorthand property for flexDirection, flexWrap individual properties.

font
The font CSS property is either a shorthand property for setting fontStyle, fontVariant, fontWeight, fontSize, lineHeight, fontFamily, or a way to set the element's font to a system font, using specific keywords.

fontVariant
The fontVariant CSS property selects a normal, or smallCaps face from a font family. Setting the CSS Level 2 (Revision 1) values of the  fontVariant property, that is normal or smallCaps, is also possible by using the font shorthand.

listStyle
The listStyle CSS property is a shorthand property for setting listStyleType, listStyleImage, listStylePosition.

<li><a href="/enUS/docs/Web/CSS/margin" title="The margin CSS property sets the margin for all four sides. It is a shorthand to avoid setting each side separately with the other margin properties: marginTop, marginRight, marginBottom, marginLeft.
outline
The CSS outline property is a shorthand property for setting one or more of the individual outline properties outlineStyle, outlineWidth, outlineColor in a single declaration. In most cases the use of this shortcut is preferable, more convenient.

transition
The CSS transition property is a shorthand property for transitionProperty, transitionDuration, transitionTimingFunction, transitionDelay. It allows to define the transition between two states of an element. Different states may be defined using pseudoClasses like :hover or :active or dynamically set using JavaScript.

